#
# A fatal error has been detected by the Java Runtime Environment:
#
#  SIGSEGV (0xb) at pc=0x00007fffc66674fc, pid=36414, tid=775
#
# JRE version: Java(TM) SE Runtime Environment (8.0_91-b14) (build 1.8.0_91-b14)
# Java VM: Java HotSpot(TM) 64-Bit Server VM (25.91-b14 mixed mode bsd-amd64 compressed oops)
# Problematic frame:
# C  [libsystem_pthread.dylib+0x14fc]  pthread_mutex_lock+0x0
#
# Failed to write core dump. Core dumps have been disabled. To enable core dumping, try "ulimit -c unlimited" before starting Java again
#
# If you would like to submit a bug report, please visit:
#   http://bugreport.java.com/bugreport/crash.jsp
# The crash happened outside the Java Virtual Machine in native code.
# See problematic frame for where to report the bug.
#

---------------  T H R E A D  ---------------

Current thread (0x00007fba2788e000):  JavaThread "JavaFX Application Thread" [_thread_in_native, id=775, stack(0x00007fff5bb15000,0x00007fff5c315000)]

siginfo: si_signo: 11 (SIGSEGV), si_code: 0 (unknown), si_addr: 0x0000000000000000

Registers:
RAX=0x0000000104ae75d0, RBX=0x00007fba31436c00, RCX=0x0000000104a18340, RDX=0x00007fba31436c00
RSP=0x00007fff5c30f4b8, RBP=0x00007fff5c30f4e0, RSI=0x00007fff5c30f4f0, RDI=0x6877203332315f73
R8 =0x00007fba25f21e40, R9 =0x0000000000047798, R10=0x00007fba25f21e48, R11=0xffffffff00000000
R12=0x0000000000000000, R13=0x00007fff5c30f520, R14=0x00007fba31434800, R15=0x0000000000000000
RIP=0x00007fffc66674fc, EFLAGS=0x0000000000010202, ERR=0x0000000000000000
  TRAPNO=0x000000000000000d

Top of Stack: (sp=0x00007fff5c30f4b8)
0x00007fff5c30f4b8:   000000011da11b1b 0000000104ae75d0
0x00007fff5c30f4c8:   000000079039f028 00007fff5c30f4f0
0x00007fff5c30f4d8:   00007fba2788e000 00007fff5c30f530
0x00007fff5c30f4e8:   000000010dcdb136 000000079039f028
0x00007fff5c30f4f8:   00007fba27241a90 000000079039f028
0x00007fff5c30f508:   00007fff5c30f5c0 0000000000000000
0x00007fff5c30f518:   00007fff5c30f5c0 0000000000000003
0x00007fff5c30f528:   00007fff5c30f548 00000007950012b0
0x00007fff5c30f538:   000000010dd1087c 0000000795001240
0x00007fff5c30f548:   00000001f2a00256 00007fba2788e000
0x00007fff5c30f558:   00000007985ccbc0 00007fff5c30f530
0x00007fff5c30f568:   00007fba2788e000 0000000000000001
0x00007fff5c30f578:   000000010e63a3cb 00007fff00000001
0x00007fff5c30f588:   000000079039f028 00000007985ccba8
0x00007fff5c30f598:   00000007985ccbc0 00000007985cc998
0x00007fff5c30f5a8:   0000000100000002 0000000000000003
0x00007fff5c30f5b8:   00000007985ccb90 0000000000000003
0x00007fff5c30f5c8:   0000000000000002 00000007985ccb30
0x00007fff5c30f5d8:   000000010da4f78c 0000000795001240
0x00007fff5c30f5e8:   00000001f2a00256 00007fba31436c00
0x00007fff5c30f5f8:   000000079039f028 0000000795001240
0x00007fff5c30f608:   000000010e23aea0 0000000741c3f2f8
0x00007fff5c30f618:   00000007910eb330 0000000000000003
0x00007fff5c30f628:   0000000000000000 00007fff5c30f800
0x00007fff5c30f638:   000000010e653364 000000000000000c
0x00007fff5c30f648:   000000010df51080 00000007409ec2f0
0x00007fff5c30f658:   00000007409ec2d0 000000079e8764b0
0x00007fff5c30f668:   000000000000000d 0000000000001000
0x00007fff5c30f678:   0000000000000000 0000000000000000
0x00007fff5c30f688:   0000000000000000 00000007409ecb38
0x00007fff5c30f698:   000000010e51a1a8 00000000000945ff
0x00007fff5c30f6a8:   00007fba2788e000 0000000000000000 

Instructions: (pc=0x00007fffc66674fc)
0x00007fffc66674dc:   89 df e8 7f 6e 00 00 48 85 c0 0f 95 c0 0f b6 c0
0x00007fffc66674ec:   89 05 d2 97 c3 08 48 83 c4 08 5b 5d c3 90 90 90
0x00007fffc66674fc:   48 81 3f 5a 54 55 4d 75 58 4c 8d 47 1f 49 83 e0
0x00007fffc666750c:   f8 65 48 8b 04 25 00 00 00 00 4c 8b 88 d8 00 00 

Register to memory mapping:

RAX=0x0000000104ae75d0: _ZN20SafepointSynchronize6_stateE+0 in /Library/Java/JavaVirtualMachines/jdk1.8.0_91.jdk/Contents/Home/jre/lib/server/libjvm.dylib at 0x0000000104200000
RBX=0x00007fba31436c00 is an unknown value
RCX=0x0000000104a18340: UseMembar+0 in /Library/Java/JavaVirtualMachines/jdk1.8.0_91.jdk/Contents/Home/jre/lib/server/libjvm.dylib at 0x0000000104200000
RDX=0x00007fba31436c00 is an unknown value
RSP=0x00007fff5c30f4b8 is pointing into the stack for thread: 0x00007fba2788e000
RBP=0x00007fff5c30f4e0 is pointing into the stack for thread: 0x00007fba2788e000
RSI=0x00007fff5c30f4f0 is pointing into the stack for thread: 0x00007fba2788e000
RDI=0x6877203332315f73 is an unknown value
R8 =0x00007fba25f21e40 is an unknown value
R9 =0x0000000000047798 is an unknown value
R10=0x00007fba25f21e48 is an unknown value
R11=0xffffffff00000000 is an unknown value
R12=0x0000000000000000 is an unknown value
R13=0x00007fff5c30f520 is pointing into the stack for thread: 0x00007fba2788e000
R14=0x00007fba31434800 is an unknown value
R15=0x0000000000000000 is an unknown value


Stack: [0x00007fff5bb15000,0x00007fff5c315000],  sp=0x00007fff5c30f4b8,  free space=8169k
Native frames: (J=compiled Java code, j=interpreted, Vv=VM code, C=native code)
C  [libsystem_pthread.dylib+0x14fc]  pthread_mutex_lock+0x0
J 4198  org.sqlite.core.NativeDB.reset(J)I (0 bytes) @ 0x000000010dcdb136 [0x000000010dcdafc0+0x176]
J 5843 C2 org.sqlite.core.CoreStatement.internalClose()V (75 bytes) @ 0x000000010dd1087c [0x000000010dd0fd40+0xb3c]
J 5891 C2 org.sqlite.jdbc4.JDBC4Statement.close()V (10 bytes) @ 0x000000010e23aea0 [0x000000010e23ae60+0x40]
J 6029 C1 util.DBUtil.savePhotos(Ljava/util/List;Ljava/lang/String;)V (470 bytes) @ 0x000000010e653364 [0x000000010e64ed80+0x45e4]
j  view.PhotoStage.lambda$1(Ljavafx/event/ActionEvent;)V+185
j  view.PhotoStage$$Lambda$331.handle(Ljavafx/event/Event;)V+8
J 2830 C1 com.sun.javafx.event.CompositeEventHandler.dispatchBubblingEvent(Ljavafx/event/Event;)V (57 bytes) @ 0x000000010e004e54 [0x000000010e004a80+0x3d4]
J 1909 C1 com.sun.javafx.event.EventHandlerManager.dispatchBubblingEvent(Ljavafx/event/Event;)Ljavafx/event/Event; (23 bytes) @ 0x000000010dd32024 [0x000000010dd31980+0x6a4]
J 2727 C1 com.sun.javafx.event.CompositeEventDispatcher.dispatchBubblingEvent(Ljavafx/event/Event;)Ljavafx/event/Event; (35 bytes) @ 0x000000010dfcc09c [0x000000010dfcbee0+0x1bc]
J 5072 C2 com.sun.javafx.event.BasicEventDispatcher.dispatchEvent(Ljavafx/event/Event;Ljavafx/event/EventDispatchChain;)Ljavafx/event/Event; (44 bytes) @ 0x000000010e4fab30 [0x000000010e4faa00+0x130]
J 5072 C2 com.sun.javafx.event.BasicEventDispatcher.dispatchEvent(Ljavafx/event/Event;Ljavafx/event/EventDispatchChain;)Ljavafx/event/Event; (44 bytes) @ 0x000000010e4faaec [0x000000010e4faa00+0xec]
J 5072 C2 com.sun.javafx.event.BasicEventDispatcher.dispatchEvent(Ljavafx/event/Event;Ljavafx/event/EventDispatchChain;)Ljavafx/event/Event; (44 bytes) @ 0x000000010e4faaec [0x000000010e4faa00+0xec]
J 4930 C2 com.sun.javafx.event.EventDispatchChainImpl.dispatchEvent(Ljavafx/event/Event;)Ljavafx/event/Event; (101 bytes) @ 0x000000010e453618 [0x000000010e453560+0xb8]
J 2439 C1 com.sun.javafx.event.EventUtil.fireEvent(Ljavafx/event/EventTarget;Ljavafx/event/Event;)Ljavafx/event/Event; (81 bytes) @ 0x000000010decc82c [0x000000010decbc40+0xbec]
J 2438 C1 javafx.event.Event.fireEvent(Ljavafx/event/EventTarget;Ljavafx/event/Event;)V (35 bytes) @ 0x000000010decb5ec [0x000000010decb520+0xcc]
j  javafx.scene.Node.fireEvent(Ljavafx/event/Event;)V+86
j  javafx.scene.control.Button.fire()V+15
j  com.sun.javafx.scene.control.behavior.ButtonBehavior.mouseReleased(Ljavafx/scene/input/MouseEvent;)V+23
j  com.sun.javafx.scene.control.skin.BehaviorSkinBase$1.handle(Ljavafx/scene/input/MouseEvent;)V+83
j  com.sun.javafx.scene.control.skin.BehaviorSkinBase$1.handle(Ljavafx/event/Event;)V+5
J 4080 C1 com.sun.javafx.event.CompositeEventHandler$NormalEventHandlerRecord.handleBubblingEvent(Ljavafx/event/Event;)V (11 bytes) @ 0x000000010d9f970c [0x000000010d9f9600+0x10c]
J 2830 C1 com.sun.javafx.event.CompositeEventHandler.dispatchBubblingEvent(Ljavafx/event/Event;)V (57 bytes) @ 0x000000010e004cc4 [0x000000010e004a80+0x244]
J 1909 C1 com.sun.javafx.event.EventHandlerManager.dispatchBubblingEvent(Ljavafx/event/Event;)Ljavafx/event/Event; (23 bytes) @ 0x000000010dd32024 [0x000000010dd31980+0x6a4]
J 2727 C1 com.sun.javafx.event.CompositeEventDispatcher.dispatchBubblingEvent(Ljavafx/event/Event;)Ljavafx/event/Event; (35 bytes) @ 0x000000010dfcc09c [0x000000010dfcbee0+0x1bc]
J 5072 C2 com.sun.javafx.event.BasicEventDispatcher.dispatchEvent(Ljavafx/event/Event;Ljavafx/event/EventDispatchChain;)Ljavafx/event/Event; (44 bytes) @ 0x000000010e4fab30 [0x000000010e4faa00+0x130]
J 5072 C2 com.sun.javafx.event.BasicEventDispatcher.dispatchEvent(Ljavafx/event/Event;Ljavafx/event/EventDispatchChain;)Ljavafx/event/Event; (44 bytes) @ 0x000000010e4faaec [0x000000010e4faa00+0xec]
J 5072 C2 com.sun.javafx.event.BasicEventDispatcher.dispatchEvent(Ljavafx/event/Event;Ljavafx/event/EventDispatchChain;)Ljavafx/event/Event; (44 bytes) @ 0x000000010e4faaec [0x000000010e4faa00+0xec]
J 4930 C2 com.sun.javafx.event.EventDispatchChainImpl.dispatchEvent(Ljavafx/event/Event;)Ljavafx/event/Event; (101 bytes) @ 0x000000010e453618 [0x000000010e453560+0xb8]
J 2439 C1 com.sun.javafx.event.EventUtil.fireEvent(Ljavafx/event/EventTarget;Ljavafx/event/Event;)Ljavafx/event/Event; (81 bytes) @ 0x000000010decc37c [0x000000010decbc40+0x73c]
J 4996 C2 javafx.scene.Scene$MouseHandler.process(Ljavafx/scene/input/MouseEvent;Z)V (735 bytes) @ 0x000000010e490290 [0x000000010e48f7e0+0xab0]
J 4521 C1 javafx.scene.Scene$ScenePeerListener.mouseEvent(Ljavafx/event/EventType;DDDDLjavafx/scene/input/MouseButton;ZZZZZZZZZ)V (50 bytes) @ 0x000000010db81df4 [0x000000010db81b20+0x2d4]
J 3557 C1 com.sun.javafx.tk.quantum.GlassViewEventHandler$MouseEventNotification.run()Ljava/lang/Void; (567 bytes) @ 0x000000010e2ab574 [0x000000010e2aa7e0+0xd94]
J 2818 C1 com.sun.javafx.tk.quantum.GlassViewEventHandler$MouseEventNotification.run()Ljava/lang/Object; (5 bytes) @ 0x000000010dffac8c [0x000000010dffac00+0x8c]
v  ~StubRoutines::call_stub
V  [libjvm.dylib+0x2ec1e6]  JavaCalls::call_helper(JavaValue*, methodHandle*, JavaCallArguments*, Thread*)+0x6ae
V  [libjvm.dylib+0x34c8e0]  JVM_DoPrivileged+0x4b8
J 1232  java.security.AccessController.doPrivileged(Ljava/security/PrivilegedAction;Ljava/security/AccessControlContext;)Ljava/lang/Object; (0 bytes) @ 0x000000010dbb3595 [0x000000010dbb34c0+0xd5]
J 3555 C1 com.sun.javafx.tk.quantum.GlassViewEventHandler$$Lambda$199.get()Ljava/lang/Object; (8 bytes) @ 0x000000010e29b0a4 [0x000000010e29aec0+0x1e4]
J 4742 C2 com.sun.javafx.tk.quantum.QuantumToolkit.runWithoutRenderLock(Ljava/util/function/Supplier;)Ljava/lang/Object; (49 bytes) @ 0x000000010df3b7e8 [0x000000010df3b780+0x68]
J 3552 C1 com.sun.javafx.tk.quantum.GlassViewEventHandler.handleMouseEvent(Lcom/sun/glass/ui/View;JIIIIIIIZZ)V (108 bytes) @ 0x000000010e29c024 [0x000000010e29bc00+0x424]
J 2816 C1 com.sun.glass.ui.View.notifyMouse(IIIIIIIZZ)V (221 bytes) @ 0x000000010e00243c [0x000000010e001360+0x10dc]
v  ~StubRoutines::call_stub
V  [libjvm.dylib+0x2ec1e6]  JavaCalls::call_helper(JavaValue*, methodHandle*, JavaCallArguments*, Thread*)+0x6ae
V  [libjvm.dylib+0x323355]  jni_invoke_nonstatic(JNIEnv_*, JavaValue*, _jobject*, JNICallType, _jmethodID*, JNI_ArgumentPusher*, Thread*)+0x2ec
V  [libjvm.dylib+0x315b23]  jni_CallVoidMethod+0x16b
C  [libglass.dylib+0x2059c]  -[GlassViewDelegate sendJavaMouseEvent:]+0x86c
C  [AppKit+0x937c92]  -[NSWindow(NSEventRouting) _reallySendEvent:isDelayedEvent:]+0x608
C  [AppKit+0x9372be]  -[NSWindow(NSEventRouting) sendEvent:]+0x21d
C  [libglass.dylib+0x25974]  -[GlassWindow_Normal sendEvent:]+0x74
C  [AppKit+0x7bfbf5]  -[NSApplication(NSEvent) sendEvent:]+0x479
C  [AppKit+0x3bf81]  -[NSApplication run]+0x3ea
C  [libglass.dylib+0x655c]  -[GlassApplication runLoop:]+0x72c
C  [Foundation+0x7188a]  __NSThreadPerformPerform+0x146
C  [CoreFoundation+0xa7981]  __CFRUNLOOP_IS_CALLING_OUT_TO_A_SOURCE0_PERFORM_FUNCTION__+0x11
C  [CoreFoundation+0x88a7d]  __CFRunLoopDoSources0+0x22d
C  [CoreFoundation+0x87f76]  __CFRunLoopRun+0x3a6
C  [CoreFoundation+0x87974]  CFRunLoopRunSpecific+0x1a4
C  [java+0x6463]  CreateExecutionEnvironment+0x367
C  [java+0x21ac]  JLI_Launch+0x7a0
C  [java+0x84c0]  main+0x65
C  [java+0x1a04]  start+0x34
C  0x0000000000000005

Java frames: (J=compiled Java code, j=interpreted, Vv=VM code)
J 4198  org.sqlite.core.NativeDB.reset(J)I (0 bytes) @ 0x000000010dcdaff8 [0x000000010dcdafc0+0x38]
J 5843 C2 org.sqlite.core.CoreStatement.internalClose()V (75 bytes) @ 0x000000010dd1087c [0x000000010dd0fd40+0xb3c]
J 5891 C2 org.sqlite.jdbc4.JDBC4Statement.close()V (10 bytes) @ 0x000000010e23aea0 [0x000000010e23ae60+0x40]
J 6029 C1 util.DBUtil.savePhotos(Ljava/util/List;Ljava/lang/String;)V (470 bytes) @ 0x000000010e653364 [0x000000010e64ed80+0x45e4]
j  view.PhotoStage.lambda$1(Ljavafx/event/ActionEvent;)V+185
j  view.PhotoStage$$Lambda$331.handle(Ljavafx/event/Event;)V+8
J 2830 C1 com.sun.javafx.event.CompositeEventHandler.dispatchBubblingEvent(Ljavafx/event/Event;)V (57 bytes) @ 0x000000010e004e54 [0x000000010e004a80+0x3d4]
J 1909 C1 com.sun.javafx.event.EventHandlerManager.dispatchBubblingEvent(Ljavafx/event/Event;)Ljavafx/event/Event; (23 bytes) @ 0x000000010dd32024 [0x000000010dd31980+0x6a4]
J 2727 C1 com.sun.javafx.event.CompositeEventDispatcher.dispatchBubblingEvent(Ljavafx/event/Event;)Ljavafx/event/Event; (35 bytes) @ 0x000000010dfcc09c [0x000000010dfcbee0+0x1bc]
J 5072 C2 com.sun.javafx.event.BasicEventDispatcher.dispatchEvent(Ljavafx/event/Event;Ljavafx/event/EventDispatchChain;)Ljavafx/event/Event; (44 bytes) @ 0x000000010e4fab30 [0x000000010e4faa00+0x130]
J 5072 C2 com.sun.javafx.event.BasicEventDispatcher.dispatchEvent(Ljavafx/event/Event;Ljavafx/event/EventDispatchChain;)Ljavafx/event/Event; (44 bytes) @ 0x000000010e4faaec [0x000000010e4faa00+0xec]
J 5072 C2 com.sun.javafx.event.BasicEventDispatcher.dispatchEvent(Ljavafx/event/Event;Ljavafx/event/EventDispatchChain;)Ljavafx/event/Event; (44 bytes) @ 0x000000010e4faaec [0x000000010e4faa00+0xec]
J 4930 C2 com.sun.javafx.event.EventDispatchChainImpl.dispatchEvent(Ljavafx/event/Event;)Ljavafx/event/Event; (101 bytes) @ 0x000000010e453618 [0x000000010e453560+0xb8]
J 2439 C1 com.sun.javafx.event.EventUtil.fireEvent(Ljavafx/event/EventTarget;Ljavafx/event/Event;)Ljavafx/event/Event; (81 bytes) @ 0x000000010decc82c [0x000000010decbc40+0xbec]
J 2438 C1 javafx.event.Event.fireEvent(Ljavafx/event/EventTarget;Ljavafx/event/Event;)V (35 bytes) @ 0x000000010decb5ec [0x000000010decb520+0xcc]
j  javafx.scene.Node.fireEvent(Ljavafx/event/Event;)V+86
j  javafx.scene.control.Button.fire()V+15
j  com.sun.javafx.scene.control.behavior.ButtonBehavior.mouseReleased(Ljavafx/scene/input/MouseEvent;)V+23
j  com.sun.javafx.scene.control.skin.BehaviorSkinBase$1.handle(Ljavafx/scene/input/MouseEvent;)V+83
j  com.sun.javafx.scene.control.skin.BehaviorSkinBase$1.handle(Ljavafx/event/Event;)V+5
J 4080 C1 com.sun.javafx.event.CompositeEventHandler$NormalEventHandlerRecord.handleBubblingEvent(Ljavafx/event/Event;)V (11 bytes) @ 0x000000010d9f970c [0x000000010d9f9600+0x10c]
J 2830 C1 com.sun.javafx.event.CompositeEventHandler.dispatchBubblingEvent(Ljavafx/event/Event;)V (57 bytes) @ 0x000000010e004cc4 [0x000000010e004a80+0x244]
J 1909 C1 com.sun.javafx.event.EventHandlerManager.dispatchBubblingEvent(Ljavafx/event/Event;)Ljavafx/event/Event; (23 bytes) @ 0x000000010dd32024 [0x000000010dd31980+0x6a4]
J 2727 C1 com.sun.javafx.event.CompositeEventDispatcher.dispatchBubblingEvent(Ljavafx/event/Event;)Ljavafx/event/Event; (35 bytes) @ 0x000000010dfcc09c [0x000000010dfcbee0+0x1bc]
J 5072 C2 com.sun.javafx.event.BasicEventDispatcher.dispatchEvent(Ljavafx/event/Event;Ljavafx/event/EventDispatchChain;)Ljavafx/event/Event; (44 bytes) @ 0x000000010e4fab30 [0x000000010e4faa00+0x130]
J 5072 C2 com.sun.javafx.event.BasicEventDispatcher.dispatchEvent(Ljavafx/event/Event;Ljavafx/event/EventDispatchChain;)Ljavafx/event/Event; (44 bytes) @ 0x000000010e4faaec [0x000000010e4faa00+0xec]
J 5072 C2 com.sun.javafx.event.BasicEventDispatcher.dispatchEvent(Ljavafx/event/Event;Ljavafx/event/EventDispatchChain;)Ljavafx/event/Event; (44 bytes) @ 0x000000010e4faaec [0x000000010e4faa00+0xec]
J 4930 C2 com.sun.javafx.event.EventDispatchChainImpl.dispatchEvent(Ljavafx/event/Event;)Ljavafx/event/Event; (101 bytes) @ 0x000000010e453618 [0x000000010e453560+0xb8]
J 2439 C1 com.sun.javafx.event.EventUtil.fireEvent(Ljavafx/event/EventTarget;Ljavafx/event/Event;)Ljavafx/event/Event; (81 bytes) @ 0x000000010decc37c [0x000000010decbc40+0x73c]
J 4996 C2 javafx.scene.Scene$MouseHandler.process(Ljavafx/scene/input/MouseEvent;Z)V (735 bytes) @ 0x000000010e490290 [0x000000010e48f7e0+0xab0]
J 4521 C1 javafx.scene.Scene$ScenePeerListener.mouseEvent(Ljavafx/event/EventType;DDDDLjavafx/scene/input/MouseButton;ZZZZZZZZZ)V (50 bytes) @ 0x000000010db81df4 [0x000000010db81b20+0x2d4]
J 3557 C1 com.sun.javafx.tk.quantum.GlassViewEventHandler$MouseEventNotification.run()Ljava/lang/Void; (567 bytes) @ 0x000000010e2ab574 [0x000000010e2aa7e0+0xd94]
J 2818 C1 com.sun.javafx.tk.quantum.GlassViewEventHandler$MouseEventNotification.run()Ljava/lang/Object; (5 bytes) @ 0x000000010dffac8c [0x000000010dffac00+0x8c]
v  ~StubRoutines::call_stub
J 1232  java.security.AccessController.doPrivileged(Ljava/security/PrivilegedAction;Ljava/security/AccessControlContext;)Ljava/lang/Object; (0 bytes) @ 0x000000010dbb3523 [0x000000010dbb34c0+0x63]
J 3555 C1 com.sun.javafx.tk.quantum.GlassViewEventHandler$$Lambda$199.get()Ljava/lang/Object; (8 bytes) @ 0x000000010e29b0a4 [0x000000010e29aec0+0x1e4]
J 4742 C2 com.sun.javafx.tk.quantum.QuantumToolkit.runWithoutRenderLock(Ljava/util/function/Supplier;)Ljava/lang/Object; (49 bytes) @ 0x000000010df3b7e8 [0x000000010df3b780+0x68]
J 3552 C1 com.sun.javafx.tk.quantum.GlassViewEventHandler.handleMouseEvent(Lcom/sun/glass/ui/View;JIIIIIIIZZ)V (108 bytes) @ 0x000000010e29c024 [0x000000010e29bc00+0x424]
J 2816 C1 com.sun.glass.ui.View.notifyMouse(IIIIIIIZZ)V (221 bytes) @ 0x000000010e00243c [0x000000010e001360+0x10dc]
v  ~StubRoutines::call_stub

---------------  P R O C E S S  ---------------

Java Threads: ( => current thread )
  0x00007fba26a0c800 JavaThread "Thread-140" [_thread_blocked, id=91055, stack(0x0000700003653000,0x0000700003753000)]
  0x00007fba318f3000 JavaThread "Thread-139" [_thread_blocked, id=5487, stack(0x0000700003550000,0x0000700003650000)]
  0x00007fba31806800 JavaThread "Thread-138" [_thread_blocked, id=101063, stack(0x00007000015e4000,0x00007000016e4000)]
  0x00007fba31b03800 JavaThread "Thread-137" [_thread_blocked, id=110631, stack(0x000070000334a000,0x000070000344a000)]
  0x00007fba26ddb800 JavaThread "Thread-136" [_thread_blocked, id=78423, stack(0x0000700002f3e000,0x000070000303e000)]
  0x00007fba26f40000 JavaThread "Thread-133" [_thread_blocked, id=82275, stack(0x0000700002e3b000,0x0000700002f3b000)]
  0x00007fba31bf6000 JavaThread "Thread-130" [_thread_blocked, id=110119, stack(0x00007000042fa000,0x00007000043fa000)]
  0x00007fba26ef4000 JavaThread "Thread-129" [_thread_blocked, id=102423, stack(0x0000700003deb000,0x0000700003eeb000)]
  0x00007fba3117b800 JavaThread "Thread-127" [_thread_in_Java, id=4015, stack(0x00007000039df000,0x0000700003adf000)]
  0x00007fba31191000 JavaThread "Thread-125" [_thread_in_Java, id=110403, stack(0x0000700003247000,0x0000700003347000)]
  0x00007fba3117c800 JavaThread "Thread-113" [_thread_in_Java, id=97827, stack(0x000070000344d000,0x000070000354d000)]
  0x00007fba31896800 JavaThread "Thread-112" [_thread_in_Java, id=106399, stack(0x0000700003144000,0x0000700003244000)]
  0x00007fba26333000 JavaThread "Thread-111" [_thread_in_Java, id=100395, stack(0x0000700003041000,0x0000700003141000)]
  0x00007fba26c3f000 JavaThread "Thread-109" [_thread_in_Java, id=5047, stack(0x0000700003756000,0x0000700003856000)]
  0x00007fba266f0000 JavaThread "Thread-100" [_thread_blocked, id=79187, stack(0x0000700002cb2000,0x0000700002db2000)]
  0x00007fba310c9000 JavaThread "Thread-95" [_thread_blocked, id=112451, stack(0x0000700003ff1000,0x00007000040f1000)]
  0x00007fba27e95800 JavaThread "Java2D Disposer" daemon [_thread_blocked, id=5199, stack(0x0000700003ce8000,0x0000700003de8000)]
  0x00007fba2638c000 JavaThread "Timer-0" daemon [_thread_blocked, id=66711, stack(0x0000700002baf000,0x0000700002caf000)]
  0x00007fba26a07000 JavaThread "Prism Font Disposer" daemon [_thread_blocked, id=54475, stack(0x00007000029a6000,0x0000700002aa6000)]
  0x00007fba2713d800 JavaThread "JavaFX-Launcher" [_thread_blocked, id=50691, stack(0x00007000028a3000,0x00007000029a3000)]
  0x00007fba27934800 JavaThread "Thread-3" daemon [_thread_blocked, id=37379, stack(0x000070000279d000,0x000070000281d000)]
=>0x00007fba2788e000 JavaThread "JavaFX Application Thread" [_thread_in_native, id=775, stack(0x00007fff5bb15000,0x00007fff5c315000)]
  0x00007fba2697f000 JavaThread "Thread-1" daemon [_thread_blocked, id=25351, stack(0x000070000269a000,0x000070000279a000)]
  0x00007fba26948800 JavaThread "QuantumRenderer-0" daemon [_thread_blocked, id=19971, stack(0x0000700002597000,0x0000700002697000)]
  0x00007fba26882800 JavaThread "Service Thread" daemon [_thread_blocked, id=18947, stack(0x0000700002391000,0x0000700002491000)]
  0x00007fba2685c800 JavaThread "C1 CompilerThread2" daemon [_thread_blocked, id=18435, stack(0x000070000228e000,0x000070000238e000)]
  0x00007fba2684d000 JavaThread "C2 CompilerThread1" daemon [_thread_blocked, id=17923, stack(0x000070000218b000,0x000070000228b000)]
  0x00007fba2684c800 JavaThread "C2 CompilerThread0" daemon [_thread_blocked, id=17411, stack(0x0000700002088000,0x0000700002188000)]
  0x00007fba2685c000 JavaThread "Signal Dispatcher" daemon [_thread_blocked, id=16899, stack(0x0000700001f85000,0x0000700002085000)]
  0x00007fba26803000 JavaThread "Finalizer" daemon [_thread_blocked, id=12803, stack(0x0000700001e82000,0x0000700001f82000)]
  0x00007fba26012000 JavaThread "Reference Handler" daemon [_thread_blocked, id=12291, stack(0x0000700001d7f000,0x0000700001e7f000)]
  0x00007fba26004000 JavaThread "main" [_thread_blocked, id=7427, stack(0x000070000176d000,0x000070000186d000)]

Other Threads:
  0x00007fba27003000 VMThread [stack: 0x0000700001c7c000,0x0000700001d7c000] [id=11779]
  0x00007fba2688b000 WatcherThread [stack: 0x0000700002494000,0x0000700002594000] [id=19459]

VM state:not at safepoint (normal execution)

VM Mutex/Monitor currently owned by a thread: None

Heap:
 PSYoungGen      total 465920K, used 58682K [0x0000000795580000, 0x00000007c0000000, 0x00000007c0000000)
  eden space 232960K, 25% used [0x0000000795580000,0x0000000798ece8d8,0x00000007a3900000)
  from space 232960K, 0% used [0x00000007b1c80000,0x00000007b1c80000,0x00000007c0000000)
  to   space 232960K, 0% used [0x00000007a3900000,0x00000007a3900000,0x00000007b1c80000)
 ParOldGen       total 1398272K, used 1398164K [0x0000000740000000, 0x0000000795580000, 0x0000000795580000)
  object space 1398272K, 99% used [0x0000000740000000,0x00000007955651a0,0x0000000795580000)
 Metaspace       used 24358K, capacity 25696K, committed 25856K, reserved 1071104K
  class space    used 3277K, capacity 3533K, committed 3584K, reserved 1048576K

Card table byte_map: [0x000000010560d000,0x0000000105a0e000] byte_map_base: 0x0000000101c0d000

Marking Bits: (ParMarkBitMap*) 0x0000000104ae6eb0
 Begin Bits: [0x0000000105cb9000, 0x0000000107cb9000)
 End Bits:   [0x0000000107cb9000, 0x0000000109cb9000)

Polling page: 0x00000001039ab000

CodeCache: size=245760Kb used=15343Kb max_used=15351Kb free=230416Kb
 bounds [0x000000010d79f000, 0x000000010e6cf000, 0x000000011c79f000]
 total_blobs=5702 nmethods=4979 adapters=635
 compilation: enabled

Compilation events (10 events):
Event: 367.148 Thread 0x00007fba2685c800 6255       3       java.math.MutableBigInteger::divideMagnitude (1307 bytes)
Event: 367.152 Thread 0x00007fba2685c800 nmethod 6255 0x000000010e6c8dd0 code [0x000000010e6c9160, 0x000000010e6cb3b8]
Event: 367.154 Thread 0x00007fba2684c800 6256       4       javafx.scene.control.PopupControl$CSSBridge::getCssMetaData (8 bytes)
Event: 367.155 Thread 0x00007fba2684c800 nmethod 6256 0x000000010dd0cc10 code [0x000000010dd0cd60, 0x000000010dd0cdf8]
Event: 367.876 Thread 0x00007fba2684d000 6257       4       java.lang.Throwable::<init> (34 bytes)
Event: 367.876 Thread 0x00007fba2684d000 nmethod 6257 0x000000010dd0c950 code [0x000000010dd0caa0, 0x000000010dd0cb78]
Event: 369.009 Thread 0x00007fba2685c800 6258       3       java.util.LinkedList::toArray (39 bytes)
Event: 369.009 Thread 0x00007fba2685c800 nmethod 6258 0x000000010e6ae8d0 code [0x000000010e6aea60, 0x000000010e6aee50]
Event: 369.009 Thread 0x00007fba2685c800 6259       3       java.util.ResourceBundle$CacheKey::access$602 (7 bytes)
Event: 369.009 Thread 0x00007fba2685c800 nmethod 6259 0x000000010e6ae590 code [0x000000010e6ae6e0, 0x000000010e6ae830]

GC Heap History (10 events):
Event: 367.003 GC heap before
{Heap before GC invocations=1029 (full 1003):
 PSYoungGen      total 465920K, used 232960K [0x0000000795580000, 0x00000007c0000000, 0x00000007c0000000)
  eden space 232960K, 100% used [0x0000000795580000,0x00000007a3900000,0x00000007a3900000)
  from space 232960K, 0% used [0x00000007b1c80000,0x00000007b1c80000,0x00000007c0000000)
  to   space 232960K, 0% used [0x00000007a3900000,0x00000007a3900000,0x00000007b1c80000)
 ParOldGen       total 1398272K, used 1356942K [0x0000000740000000, 0x0000000795580000, 0x0000000795580000)
  object space 1398272K, 97% used [0x0000000740000000,0x0000000792d23900,0x0000000795580000)
 Metaspace       used 24353K, capacity 25696K, committed 25856K, reserved 1071104K
  class space    used 3277K, capacity 3533K, committed 3584K, reserved 1048576K
Event: 367.104 GC heap after
Heap after GC invocations=1029 (full 1003):
 PSYoungGen      total 465920K, used 5011K [0x0000000795580000, 0x00000007c0000000, 0x00000007c0000000)
  eden space 232960K, 2% used [0x0000000795580000,0x0000000795a64db8,0x00000007a3900000)
  from space 232960K, 0% used [0x00000007b1c80000,0x00000007b1c80000,0x00000007c0000000)
  to   space 232960K, 0% used [0x00000007a3900000,0x00000007a3900000,0x00000007b1c80000)
 ParOldGen       total 1398272K, used 1393651K [0x0000000740000000, 0x0000000795580000, 0x0000000795580000)
  object space 1398272K, 99% used [0x0000000740000000,0x00000007950fcd30,0x0000000795580000)
 Metaspace       used 24353K, capacity 25696K, committed 25856K, reserved 1071104K
  class space    used 3277K, capacity 3533K, committed 3584K, reserved 1048576K
}
Event: 367.600 GC heap before
{Heap before GC invocations=1030 (full 1004):
 PSYoungGen      total 465920K, used 232960K [0x0000000795580000, 0x00000007c0000000, 0x00000007c0000000)
  eden space 232960K, 100% used [0x0000000795580000,0x00000007a3900000,0x00000007a3900000)
  from space 232960K, 0% used [0x00000007b1c80000,0x00000007b1c80000,0x00000007c0000000)
  to   space 232960K, 0% used [0x00000007a3900000,0x00000007a3900000,0x00000007b1c80000)
 ParOldGen       total 1398272K, used 1393651K [0x0000000740000000, 0x0000000795580000, 0x0000000795580000)
  object space 1398272K, 99% used [0x0000000740000000,0x00000007950fcd30,0x0000000795580000)
 Metaspace       used 24357K, capacity 25696K, committed 25856K, reserved 1071104K
  class space    used 3277K, capacity 3533K, committed 3584K, reserved 1048576K
Event: 367.864 GC heap after
Heap after GC invocations=1030 (full 1004):
 PSYoungGen      total 465920K, used 0K [0x0000000795580000, 0x00000007c0000000, 0x00000007c0000000)
  eden space 232960K, 0% used [0x0000000795580000,0x0000000795580000,0x00000007a3900000)
  from space 232960K, 0% used [0x00000007b1c80000,0x00000007b1c80000,0x00000007c0000000)
  to   space 232960K, 0% used [0x00000007a3900000,0x00000007a3900000,0x00000007b1c80000)
 ParOldGen       total 1398272K, used 1348805K [0x0000000740000000, 0x0000000795580000, 0x0000000795580000)
  object space 1398272K, 96% used [0x0000000740000000,0x0000000792531730,0x0000000795580000)
 Metaspace       used 24357K, capacity 25696K, committed 25856K, reserved 1071104K
  class space    used 3277K, capacity 3533K, committed 3584K, reserved 1048576K
}
Event: 368.405 GC heap before
{Heap before GC invocations=1031 (full 1005):
 PSYoungGen      total 465920K, used 232960K [0x0000000795580000, 0x00000007c0000000, 0x00000007c0000000)
  eden space 232960K, 100% used [0x0000000795580000,0x00000007a3900000,0x00000007a3900000)
  from space 232960K, 0% used [0x00000007b1c80000,0x00000007b1c80000,0x00000007c0000000)
  to   space 232960K, 0% used [0x00000007a3900000,0x00000007a3900000,0x00000007b1c80000)
 ParOldGen       total 1398272K, used 1348805K [0x0000000740000000, 0x0000000795580000, 0x0000000795580000)
  object space 1398272K, 96% used [0x0000000740000000,0x0000000792531730,0x0000000795580000)
 Metaspace       used 24357K, capacity 25696K, committed 25856K, reserved 1071104K
  class space    used 3277K, capacity 3533K, committed 3584K, reserved 1048576K
Event: 368.522 GC heap after
Heap after GC invocations=1031 (full 1005):
 PSYoungGen      total 465920K, used 4805K [0x0000000795580000, 0x00000007c0000000, 0x00000007c0000000)
  eden space 232960K, 2% used [0x0000000795580000,0x0000000795a315d0,0x00000007a3900000)
  from space 232960K, 0% used [0x00000007b1c80000,0x00000007b1c80000,0x00000007c0000000)
  to   space 232960K, 0% used [0x00000007a3900000,0x00000007a3900000,0x00000007b1c80000)
 ParOldGen       total 1398272K, used 1397423K [0x0000000740000000, 0x0000000795580000, 0x0000000795580000)
  object space 1398272K, 99% used [0x0000000740000000,0x00000007954abc78,0x0000000795580000)
 Metaspace       used 24357K, capacity 25696K, committed 25856K, reserved 1071104K
  class space    used 3277K, capacity 3533K, committed 3584K, reserved 1048576K
}
Event: 368.897 GC heap before
{Heap before GC invocations=1032 (full 1006):
 PSYoungGen      total 465920K, used 232960K [0x0000000795580000, 0x00000007c0000000, 0x00000007c0000000)
  eden space 232960K, 100% used [0x0000000795580000,0x00000007a3900000,0x00000007a3900000)
  from space 232960K, 0% used [0x00000007b1c80000,0x00000007b1c80000,0x00000007c0000000)
  to   space 232960K, 0% used [0x00000007a3900000,0x00000007a3900000,0x00000007b1c80000)
 ParOldGen       total 1398272K, used 1397423K [0x0000000740000000, 0x0000000795580000, 0x0000000795580000)
  object space 1398272K, 99% used [0x0000000740000000,0x00000007954abc78,0x0000000795580000)
 Metaspace       used 24357K, capacity 25696K, committed 25856K, reserved 1071104K
  class space    used 3277K, capacity 3533K, committed 3584K, reserved 1048576K
Event: 369.009 GC heap after
Heap after GC invocations=1032 (full 1006):
 PSYoungGen      total 465920K, used 53006K [0x0000000795580000, 0x00000007c0000000, 0x00000007c0000000)
  eden space 232960K, 22% used [0x0000000795580000,0x00000007989439f8,0x00000007a3900000)
  from space 232960K, 0% used [0x00000007b1c80000,0x00000007b1c80000,0x00000007c0000000)
  to   space 232960K, 0% used [0x00000007a3900000,0x00000007a3900000,0x00000007b1c80000)
 ParOldGen       total 1398272K, used 1398109K [0x0000000740000000, 0x0000000795580000, 0x0000000795580000)
  object space 1398272K, 99% used [0x0000000740000000,0x0000000795557670,0x0000000795580000)
 Metaspace       used 24357K, capacity 25696K, committed 25856K, reserved 1071104K
  class space    used 3277K, capacity 3533K, committed 3584K, reserved 1048576K
}
Event: 369.431 GC heap before
{Heap before GC invocations=1033 (full 1007):
 PSYoungGen      total 465920K, used 232960K [0x0000000795580000, 0x00000007c0000000, 0x00000007c0000000)
  eden space 232960K, 100% used [0x0000000795580000,0x00000007a3900000,0x00000007a3900000)
  from space 232960K, 0% used [0x00000007b1c80000,0x00000007b1c80000,0x00000007c0000000)
  to   space 232960K, 0% used [0x00000007a3900000,0x00000007a3900000,0x00000007b1c80000)
 ParOldGen       total 1398272K, used 1398109K [0x0000000740000000, 0x0000000795580000, 0x0000000795580000)
  object space 1398272K, 99% used [0x0000000740000000,0x0000000795557670,0x0000000795580000)
 Metaspace       used 24358K, capacity 25696K, committed 25856K, reserved 1071104K
  class space    used 3277K, capacity 3533K, committed 3584K, reserved 1048576K
Event: 369.544 GC heap after
Heap after GC invocations=1033 (full 1007):
 PSYoungGen      total 465920K, used 49264K [0x0000000795580000, 0x00000007c0000000, 0x00000007c0000000)
  eden space 232960K, 21% used [0x0000000795580000,0x000000079859c200,0x00000007a3900000)
  from space 232960K, 0% used [0x00000007b1c80000,0x00000007b1c80000,0x00000007c0000000)
  to   space 232960K, 0% used [0x00000007a3900000,0x00000007a3900000,0x00000007b1c80000)
 ParOldGen       total 1398272K, used 1398164K [0x0000000740000000, 0x0000000795580000, 0x0000000795580000)
  object space 1398272K, 99% used [0x0000000740000000,0x00000007955651a0,0x0000000795580000)
 Metaspace       used 24358K, capacity 25696K, committed 25856K, reserved 1071104K
  class space    used 3277K, capacity 3533K, committed 3584K, reserved 1048576K
}

Deoptimization events (10 events):
Event: 93.392 Thread 0x00007fba26948800 Uncommon trap: reason=unstable_if action=reinterpret pc=0x000000010da4fb88 method=com.sun.javafx.geom.transform.AffineBase.rotate(D)V @ 45
Event: 93.415 Thread 0x00007fba26948800 Uncommon trap: reason=unstable_if action=reinterpret pc=0x000000010e338d74 method=com.sun.javafx.sg.prism.NGRegion.renderBackgroundRectangle(Lcom/sun/prism/Graphics;)V @ 212
Event: 104.083 Thread 0x00007fba26948800 Uncommon trap: reason=intrinsic action=make_not_entrant pc=0x000000010e2544fc method=com.sun.prism.impl.ps.BaseShaderGraphics.drawString(Lcom/sun/javafx/scene/text/GlyphList;Lcom/sun/javafx/font/FontStrike;FFLcom/sun/prism/paint/Color;II)V @ 572
Event: 107.462 Thread 0x00007fba2788e000 Uncommon trap: reason=unstable_if action=reinterpret pc=0x000000010de74dac method=com.sun.glass.ui.TouchInputSupport.notifyEndTouchEvent(Lcom/sun/glass/ui/View;)V @ 31
Event: 183.930 Thread 0x00007fba306ae800 Uncommon trap: reason=unstable_if action=reinterpret pc=0x000000010de1b354 method=java.lang.ref.SoftReference.get()Ljava/lang/Object; @ 6
Event: 186.961 Thread 0x00007fba2788e000 Uncommon trap: reason=unstable_if action=reinterpret pc=0x000000010e3244ac method=java.lang.ref.SoftReference.get()Ljava/lang/Object; @ 6
Event: 193.657 Thread 0x00007fba2788e000 Uncommon trap: reason=unstable_if action=reinterpret pc=0x000000010dc81cf4 method=java.lang.ref.SoftReference.get()Ljava/lang/Object; @ 6
Event: 269.698 Thread 0x00007fba2788e000 Uncommon trap: reason=unstable_if action=reinterpret pc=0x000000010e0aff60 method=java.lang.StringCoding.decode(Ljava/lang/String;[BII)[C @ 38
Event: 283.672 Thread 0x00007fba31bf6000 Uncommon trap: reason=unstable_if action=reinterpret pc=0x000000010db4b728 method=com.alibaba.simpleimage.analyze.sift.scale.OctaveSpace.makeFeaturePoints(Ljava/util/ArrayList;FIF)Ljava/util/ArrayList; @ 190
Event: 326.336 Thread 0x00007fba2788e000 Uncommon trap: reason=unstable_if action=reinterpret pc=0x000000010e65fc3c method=org.sqlite.core.CoreConnection.checkOpen()V @ 4

Internal exceptions (10 events):
Event: 359.263 Thread 0x00007fba2d042000 Exception <a 'java/lang/OutOfMemoryError'> (0x0000000740590f10) thrown at [/Users/java_re/workspace/8-2-build-macosx-x86_64/jdk8u91/6644/hotspot/src/share/vm/gc_interface/collectedHeap.inline.hpp, line 159]
Event: 360.109 Thread 0x00007fba26a98000 Exception <a 'java/lang/OutOfMemoryError'> (0x0000000740590f10) thrown at [/Users/java_re/workspace/8-2-build-macosx-x86_64/jdk8u91/6644/hotspot/src/share/vm/gc_interface/collectedHeap.inline.hpp, line 159]
Event: 360.695 Thread 0x00007fba2788e000 Exception <a 'java/io/FileNotFoundException'> (0x00000007a2bec738) thrown at [/Users/java_re/workspace/8-2-build-macosx-x86_64/jdk8u91/6644/hotspot/src/share/vm/prims/jni.cpp, line 709]
Event: 362.006 Thread 0x00007fba31806800 Exception <a 'java/lang/OutOfMemoryError'> (0x0000000740590f10) thrown at [/Users/java_re/workspace/8-2-build-macosx-x86_64/jdk8u91/6644/hotspot/src/share/vm/gc_interface/collectedHeap.inline.hpp, line 159]
Event: 362.280 Thread 0x00007fba31897000 Exception <a 'java/lang/OutOfMemoryError'> (0x0000000740590f10) thrown at [/Users/java_re/workspace/8-2-build-macosx-x86_64/jdk8u91/6644/hotspot/src/share/vm/gc_interface/collectedHeap.inline.hpp, line 159]
Event: 364.837 Thread 0x00007fba2788e000 Exception <a 'java/io/FileNotFoundException'> (0x00000007a0382e20) thrown at [/Users/java_re/workspace/8-2-build-macosx-x86_64/jdk8u91/6644/hotspot/src/share/vm/prims/jni.cpp, line 709]
Event: 365.368 Thread 0x00007fba2788e000 Exception <a 'java/io/FileNotFoundException'> (0x000000079a193ff8) thrown at [/Users/java_re/workspace/8-2-build-macosx-x86_64/jdk8u91/6644/hotspot/src/share/vm/prims/jni.cpp, line 709]
Event: 365.950 Thread 0x00007fba2788e000 Exception <a 'java/io/FileNotFoundException'> (0x000000079a55b470) thrown at [/Users/java_re/workspace/8-2-build-macosx-x86_64/jdk8u91/6644/hotspot/src/share/vm/prims/jni.cpp, line 709]
Event: 367.148 Thread 0x00007fba2788e000 Exception <a 'java/io/FileNotFoundException'> (0x0000000797d8d010) thrown at [/Users/java_re/workspace/8-2-build-macosx-x86_64/jdk8u91/6644/hotspot/src/share/vm/prims/jni.cpp, line 709]
Event: 367.345 Thread 0x00007fba2788e000 Exception <a 'java/io/FileNotFoundException'> (0x000000079e6a8a18) thrown at [/Users/java_re/workspace/8-2-build-macosx-x86_64/jdk8u91/6644/hotspot/src/share/vm/prims/jni.cpp, line 709]

Events (10 events):
Event: 367.864 Executing VM operation: ParallelGCFailedAllocation done
Event: 367.874 Executing VM operation: RevokeBias
Event: 367.875 Executing VM operation: RevokeBias done
Event: 368.326 Executing VM operation: ParallelGCFailedAllocation
Event: 368.522 Executing VM operation: ParallelGCFailedAllocation done
Event: 368.851 Executing VM operation: ParallelGCFailedAllocation
Event: 369.009 Executing VM operation: ParallelGCFailedAllocation done
Event: 369.394 Executing VM operation: ParallelGCFailedAllocation
Event: 369.544 Executing VM operation: ParallelGCFailedAllocation done
Event: 369.545 Thread 0x00007fba31828000 Thread exited: 0x00007fba31828000


Dynamic libraries:
0x000000003bb49000 	/System/Library/Frameworks/Cocoa.framework/Versions/A/Cocoa
0x000000003bb49000 	/System/Library/Frameworks/Security.framework/Versions/A/Security
0x000000003bb49000 	/System/Library/Frameworks/ApplicationServices.framework/Versions/A/ApplicationServices
0x000000003bb49000 	/usr/lib/libz.1.dylib
0x000000003bb49000 	/usr/lib/libSystem.B.dylib
0x000000003bb49000 	/usr/lib/libobjc.A.dylib
0x000000003bb49000 	/System/Library/Frameworks/CoreFoundation.framework/Versions/A/CoreFoundation
0x000000003bb49000 	/System/Library/Frameworks/Foundation.framework/Versions/C/Foundation
0x000000003bb49000 	/System/Library/Frameworks/AppKit.framework/Versions/C/AppKit
0x000000003bb49000 	/System/Library/Frameworks/CoreData.framework/Versions/A/CoreData
0x000000003bb49000 	/System/Library/PrivateFrameworks/RemoteViewServices.framework/Versions/A/RemoteViewServices
0x000000003bb49000 	/System/Library/PrivateFrameworks/UIFoundation.framework/Versions/A/UIFoundation
0x000000003bb49000 	/System/Library/PrivateFrameworks/DFRFoundation.framework/Versions/A/DFRFoundation
0x000000003bb49000 	/usr/lib/libenergytrace.dylib
0x000000003bb49000 	/System/Library/PrivateFrameworks/SkyLight.framework/Versions/A/SkyLight
0x000000003bb49000 	/System/Library/Frameworks/CoreGraphics.framework/Versions/A/CoreGraphics
0x000000003bb49000 	/usr/lib/libScreenReader.dylib
0x000000003bb49000 	/System/Library/Frameworks/Accelerate.framework/Versions/A/Accelerate
0x000000003bb49000 	/System/Library/Frameworks/IOSurface.framework/Versions/A/IOSurface
0x000000003bb49000 	/System/Library/Frameworks/AudioToolbox.framework/Versions/A/AudioToolbox
0x000000003bb49000 	/System/Library/Frameworks/AudioUnit.framework/Versions/A/AudioUnit
0x000000003bb49000 	/System/Library/PrivateFrameworks/DataDetectorsCore.framework/Versions/A/DataDetectorsCore
0x000000003bb49000 	/System/Library/PrivateFrameworks/DesktopServicesPriv.framework/Versions/A/DesktopServicesPriv
0x000000003bb49000 	/System/Library/Frameworks/Carbon.framework/Versions/A/Frameworks/HIToolbox.framework/Versions/A/HIToolbox
0x000000003bb49000 	/usr/lib/libicucore.A.dylib
0x000000003bb49000 	/System/Library/Frameworks/QuartzCore.framework/Versions/A/QuartzCore
0x000000003bb49000 	/System/Library/Frameworks/Carbon.framework/Versions/A/Frameworks/SpeechRecognition.framework/Versions/A/SpeechRecognition
0x000000003bb49000 	/usr/lib/libauto.dylib
0x000000003bb49000 	/usr/lib/libxml2.2.dylib
0x000000003bb49000 	/System/Library/PrivateFrameworks/CoreUI.framework/Versions/A/CoreUI
0x000000003bb49000 	/System/Library/Frameworks/CoreAudio.framework/Versions/A/CoreAudio
0x000000003bb49000 	/System/Library/Frameworks/DiskArbitration.framework/Versions/A/DiskArbitration
0x000000003bb49000 	/usr/lib/liblangid.dylib
0x000000003bb49000 	/System/Library/PrivateFrameworks/MultitouchSupport.framework/Versions/A/MultitouchSupport
0x000000003bb49000 	/System/Library/Frameworks/IOKit.framework/Versions/A/IOKit
0x000000003bb49000 	/usr/lib/libDiagnosticMessagesClient.dylib
0x000000003bb49000 	/System/Library/Frameworks/CoreServices.framework/Versions/A/CoreServices
0x000000003bb49000 	/System/Library/PrivateFrameworks/PerformanceAnalysis.framework/Versions/A/PerformanceAnalysis
0x000000003bb49000 	/System/Library/PrivateFrameworks/GenerationalStorage.framework/Versions/A/GenerationalStorage
0x000000003bb49000 	/System/Library/Frameworks/OpenGL.framework/Versions/A/OpenGL
0x000000003bb49000 	/System/Library/Frameworks/CoreImage.framework/Versions/A/CoreImage
0x000000003bb49000 	/System/Library/Frameworks/CoreText.framework/Versions/A/CoreText
0x000000003bb49000 	/System/Library/Frameworks/ImageIO.framework/Versions/A/ImageIO
0x000000003bb49000 	/System/Library/PrivateFrameworks/Backup.framework/Versions/A/Backup
0x000000003bb49000 	/usr/lib/libarchive.2.dylib
0x000000003bb49000 	/System/Library/Frameworks/CFNetwork.framework/Versions/A/CFNetwork
0x000000003bb49000 	/System/Library/Frameworks/SystemConfiguration.framework/Versions/A/SystemConfiguration
0x000000003bb49000 	/usr/lib/libCRFSuite.dylib
0x000000003bb49000 	/usr/lib/libc++.1.dylib
0x000000003bb49000 	/usr/lib/libc++abi.dylib
0x000000003bb49000 	/usr/lib/system/libcache.dylib
0x000000003bb49000 	/usr/lib/system/libcommonCrypto.dylib
0x000000003bb49000 	/usr/lib/system/libcompiler_rt.dylib
0x000000003bb49000 	/usr/lib/system/libcopyfile.dylib
0x000000003bb49000 	/usr/lib/system/libcorecrypto.dylib
0x000000003bb49000 	/usr/lib/system/libdispatch.dylib
0x000000003bb49000 	/usr/lib/system/libdyld.dylib
0x000000003bb49000 	/usr/lib/system/libkeymgr.dylib
0x000000003bb49000 	/usr/lib/system/liblaunch.dylib
0x000000003bb49000 	/usr/lib/system/libmacho.dylib
0x000000003bb49000 	/usr/lib/system/libquarantine.dylib
0x000000003bb49000 	/usr/lib/system/libremovefile.dylib
0x000000003bb49000 	/usr/lib/system/libsystem_asl.dylib
0x000000003bb49000 	/usr/lib/system/libsystem_blocks.dylib
0x000000003bb49000 	/usr/lib/system/libsystem_c.dylib
0x000000003bb49000 	/usr/lib/system/libsystem_configuration.dylib
0x000000003bb49000 	/usr/lib/system/libsystem_coreservices.dylib
0x000000003bb49000 	/usr/lib/system/libsystem_coretls.dylib
0x000000003bb49000 	/usr/lib/system/libsystem_dnssd.dylib
0x000000003bb49000 	/usr/lib/system/libsystem_info.dylib
0x000000003bb49000 	/usr/lib/system/libsystem_kernel.dylib
0x000000003bb49000 	/usr/lib/system/libsystem_m.dylib
0x000000003bb49000 	/usr/lib/system/libsystem_malloc.dylib
0x000000003bb49000 	/usr/lib/system/libsystem_network.dylib
0x000000003bb49000 	/usr/lib/system/libsystem_networkextension.dylib
0x000000003bb49000 	/usr/lib/system/libsystem_notify.dylib
0x000000003bb49000 	/usr/lib/system/libsystem_platform.dylib
0x000000003bb49000 	/usr/lib/system/libsystem_pthread.dylib
0x000000003bb49000 	/usr/lib/system/libsystem_sandbox.dylib
0x000000003bb49000 	/usr/lib/system/libsystem_secinit.dylib
0x000000003bb49000 	/usr/lib/system/libsystem_symptoms.dylib
0x000000003bb49000 	/usr/lib/system/libsystem_trace.dylib
0x000000003bb49000 	/usr/lib/system/libunwind.dylib
0x000000003bb49000 	/usr/lib/system/libxpc.dylib
0x000000003bb49000 	/usr/lib/libbsm.0.dylib
0x000000003bb49000 	/usr/lib/system/libkxld.dylib
0x000000003bb49000 	/usr/lib/libcoretls.dylib
0x000000003bb49000 	/usr/lib/libcoretls_cfhelpers.dylib
0x000000003bb49000 	/usr/lib/libxar.1.dylib
0x000000003bb49000 	/usr/lib/libsqlite3.dylib
0x000000003bb49000 	/usr/lib/libpam.2.dylib
0x000000003bb49000 	/usr/lib/libOpenScriptingUtil.dylib
0x000000003bb49000 	/usr/lib/libbz2.1.0.dylib
0x000000003bb49000 	/usr/lib/liblzma.5.dylib
0x000000003bb49000 	/usr/lib/libnetwork.dylib
0x000000003bb49000 	/usr/lib/libpcap.A.dylib
0x000000003bb49000 	/System/Library/Frameworks/CoreServices.framework/Versions/A/Frameworks/FSEvents.framework/Versions/A/FSEvents
0x000000003bb49000 	/System/Library/Frameworks/CoreServices.framework/Versions/A/Frameworks/CarbonCore.framework/Versions/A/CarbonCore
0x000000003bb49000 	/System/Library/Frameworks/CoreServices.framework/Versions/A/Frameworks/Metadata.framework/Versions/A/Metadata
0x000000003bb49000 	/System/Library/Frameworks/CoreServices.framework/Versions/A/Frameworks/OSServices.framework/Versions/A/OSServices
0x000000003bb49000 	/System/Library/Frameworks/CoreServices.framework/Versions/A/Frameworks/SearchKit.framework/Versions/A/SearchKit
0x000000003bb49000 	/System/Library/Frameworks/CoreServices.framework/Versions/A/Frameworks/AE.framework/Versions/A/AE
0x000000003bb49000 	/System/Library/Frameworks/CoreServices.framework/Versions/A/Frameworks/LaunchServices.framework/Versions/A/LaunchServices
0x000000003bb49000 	/System/Library/Frameworks/CoreServices.framework/Versions/A/Frameworks/DictionaryServices.framework/Versions/A/DictionaryServices
0x000000003bb49000 	/System/Library/Frameworks/CoreServices.framework/Versions/A/Frameworks/SharedFileList.framework/Versions/A/SharedFileList
0x000000003bb49000 	/System/Library/Frameworks/NetFS.framework/Versions/A/NetFS
0x000000003bb49000 	/System/Library/PrivateFrameworks/NetAuth.framework/Versions/A/NetAuth
0x000000003bb49000 	/System/Library/PrivateFrameworks/login.framework/Versions/A/Frameworks/loginsupport.framework/Versions/A/loginsupport
0x000000003bb49000 	/System/Library/PrivateFrameworks/TCC.framework/Versions/A/TCC
0x000000003bb49000 	/usr/lib/libmecabra.dylib
0x000000003bb49000 	/System/Library/Frameworks/ApplicationServices.framework/Versions/A/Frameworks/ATS.framework/Versions/A/ATS
0x000000003bb49000 	/System/Library/Frameworks/ApplicationServices.framework/Versions/A/Frameworks/ColorSync.framework/Versions/A/ColorSync
0x000000003bb49000 	/System/Library/Frameworks/ApplicationServices.framework/Versions/A/Frameworks/HIServices.framework/Versions/A/HIServices
0x000000003bb49000 	/System/Library/Frameworks/ApplicationServices.framework/Versions/A/Frameworks/LangAnalysis.framework/Versions/A/LangAnalysis
0x000000003bb49000 	/System/Library/Frameworks/ApplicationServices.framework/Versions/A/Frameworks/PrintCore.framework/Versions/A/PrintCore
0x000000003bb49000 	/System/Library/Frameworks/ApplicationServices.framework/Versions/A/Frameworks/QD.framework/Versions/A/QD
0x000000003bb49000 	/System/Library/Frameworks/ApplicationServices.framework/Versions/A/Frameworks/SpeechSynthesis.framework/Versions/A/SpeechSynthesis
0x000000003bb49000 	/System/Library/Frameworks/Accelerate.framework/Versions/A/Frameworks/vImage.framework/Versions/A/vImage
0x000000003bb49000 	/System/Library/Frameworks/Accelerate.framework/Versions/A/Frameworks/vecLib.framework/Versions/A/vecLib
0x000000003bb49000 	/System/Library/Frameworks/Accelerate.framework/Versions/A/Frameworks/vecLib.framework/Versions/A/libvDSP.dylib
0x000000003bb49000 	/System/Library/Frameworks/Accelerate.framework/Versions/A/Frameworks/vecLib.framework/Versions/A/libBNNS.dylib
0x000000003bb49000 	/System/Library/Frameworks/Accelerate.framework/Versions/A/Frameworks/vecLib.framework/Versions/A/libQuadrature.dylib
0x000000003bb49000 	/System/Library/Frameworks/Accelerate.framework/Versions/A/Frameworks/vecLib.framework/Versions/A/libvMisc.dylib
0x000000003bb49000 	/System/Library/Frameworks/Accelerate.framework/Versions/A/Frameworks/vecLib.framework/Versions/A/libLAPACK.dylib
0x000000003bb49000 	/System/Library/Frameworks/Accelerate.framework/Versions/A/Frameworks/vecLib.framework/Versions/A/libBLAS.dylib
0x000000003bb49000 	/System/Library/Frameworks/Accelerate.framework/Versions/A/Frameworks/vecLib.framework/Versions/A/libLinearAlgebra.dylib
0x000000003bb49000 	/System/Library/Frameworks/Accelerate.framework/Versions/A/Frameworks/vecLib.framework/Versions/A/libSparseBLAS.dylib
0x000000003bb49000 	/System/Library/Frameworks/ApplicationServices.framework/Versions/A/Frameworks/ATS.framework/Versions/A/Resources/libFontParser.dylib
0x000000003bb49000 	/System/Library/Frameworks/ApplicationServices.framework/Versions/A/Frameworks/ATS.framework/Versions/A/Resources/libFontRegistry.dylib
0x000000003bb49000 	/System/Library/Frameworks/ImageIO.framework/Versions/A/Resources/libJPEG.dylib
0x000000003bb49000 	/System/Library/Frameworks/ImageIO.framework/Versions/A/Resources/libTIFF.dylib
0x000000003bb49000 	/System/Library/Frameworks/ImageIO.framework/Versions/A/Resources/libPng.dylib
0x000000003bb49000 	/System/Library/Frameworks/ImageIO.framework/Versions/A/Resources/libGIF.dylib
0x000000003bb49000 	/System/Library/Frameworks/ImageIO.framework/Versions/A/Resources/libJP2.dylib
0x000000003bb49000 	/System/Library/Frameworks/ImageIO.framework/Versions/A/Resources/libRadiance.dylib
0x000000003bb49000 	/usr/lib/libcompression.dylib
0x000000003bb49000 	/System/Library/PrivateFrameworks/AppleJPEG.framework/Versions/A/AppleJPEG
0x000000003bb49000 	/usr/lib/libcups.2.dylib
0x000000003bb49000 	/System/Library/Frameworks/Kerberos.framework/Versions/A/Kerberos
0x000000003bb49000 	/System/Library/Frameworks/GSS.framework/Versions/A/GSS
0x000000003bb49000 	/usr/lib/libresolv.9.dylib
0x000000003bb49000 	/usr/lib/libiconv.2.dylib
0x000000003bb49000 	/System/Library/PrivateFrameworks/Heimdal.framework/Versions/A/Heimdal
0x000000003bb49000 	/usr/lib/libheimdal-asn1.dylib
0x000000003bb49000 	/System/Library/Frameworks/OpenDirectory.framework/Versions/A/OpenDirectory
0x000000003bb49000 	/System/Library/PrivateFrameworks/CommonAuth.framework/Versions/A/CommonAuth
0x000000003bb49000 	/System/Library/Frameworks/OpenDirectory.framework/Versions/A/Frameworks/CFOpenDirectory.framework/Versions/A/CFOpenDirectory
0x000000003bb49000 	/System/Library/Frameworks/SecurityFoundation.framework/Versions/A/SecurityFoundation
0x000000003bb49000 	/System/Library/PrivateFrameworks/LanguageModeling.framework/Versions/A/LanguageModeling
0x000000003bb49000 	/usr/lib/libmarisa.dylib
0x000000003bb49000 	/usr/lib/libChineseTokenizer.dylib
0x000000003bb49000 	/usr/lib/libcmph.dylib
0x000000003bb49000 	/System/Library/PrivateFrameworks/CoreEmoji.framework/Versions/A/CoreEmoji
0x000000003bb49000 	/System/Library/Frameworks/ServiceManagement.framework/Versions/A/ServiceManagement
0x000000003bb49000 	/usr/lib/libxslt.1.dylib
0x000000003bb49000 	/System/Library/Frameworks/Carbon.framework/Versions/A/Frameworks/Ink.framework/Versions/A/Ink
0x000000003bb49000 	/System/Library/PrivateFrameworks/TextureIO.framework/Versions/A/TextureIO
0x000000003bb49000 	/System/Library/Frameworks/Metal.framework/Versions/A/Metal
0x000000003bb49000 	/usr/lib/libate.dylib
0x000000003bb49000 	/System/Library/PrivateFrameworks/GPUCompiler.framework/libmetal_timestamp.dylib
0x000000003bb49000 	/System/Library/Frameworks/OpenGL.framework/Versions/A/Libraries/libCoreFSCache.dylib
0x000000003bb49000 	/System/Library/PrivateFrameworks/IOAccelerator.framework/Versions/A/IOAccelerator
0x000000003bb49000 	/System/Library/Frameworks/CoreVideo.framework/Versions/A/CoreVideo
0x000000003bb49000 	/usr/lib/libFosl_dynamic.dylib
0x000000003bb49000 	/System/Library/PrivateFrameworks/MetalPerformanceShaders.framework/Versions/A/MetalPerformanceShaders
0x000000003bb49000 	/System/Library/PrivateFrameworks/FaceCore.framework/Versions/A/FaceCore
0x000000003bb49000 	/System/Library/Frameworks/OpenCL.framework/Versions/A/OpenCL
0x000000003bb49000 	/System/Library/Frameworks/OpenGL.framework/Versions/A/Libraries/libGLU.dylib
0x000000003bb49000 	/System/Library/Frameworks/OpenGL.framework/Versions/A/Libraries/libGFXShared.dylib
0x000000003bb49000 	/System/Library/Frameworks/OpenGL.framework/Versions/A/Libraries/libGL.dylib
0x000000003bb49000 	/System/Library/Frameworks/OpenGL.framework/Versions/A/Libraries/libGLImage.dylib
0x000000003bb49000 	/System/Library/Frameworks/OpenGL.framework/Versions/A/Libraries/libCVMSPluginSupport.dylib
0x000000003bb49000 	/System/Library/Frameworks/OpenGL.framework/Versions/A/Libraries/libCoreVMClient.dylib
0x000000003bb49000 	/System/Library/PrivateFrameworks/CrashReporterSupport.framework/Versions/A/CrashReporterSupport
0x000000003bb49000 	/System/Library/PrivateFrameworks/Sharing.framework/Versions/A/Sharing
0x000000003bb49000 	/System/Library/PrivateFrameworks/IconServices.framework/Versions/A/IconServices
0x000000003bb49000 	/System/Library/PrivateFrameworks/ProtocolBuffer.framework/Versions/A/ProtocolBuffer
0x000000003bb49000 	/System/Library/PrivateFrameworks/Apple80211.framework/Versions/A/Apple80211
0x000000003bb49000 	/System/Library/Frameworks/CoreWLAN.framework/Versions/A/CoreWLAN
0x000000003bb49000 	/System/Library/PrivateFrameworks/CoreUtils.framework/Versions/A/CoreUtils
0x000000003bb49000 	/System/Library/Frameworks/IOBluetooth.framework/Versions/A/IOBluetooth
0x000000003bb49000 	/System/Library/PrivateFrameworks/CoreWiFi.framework/Versions/A/CoreWiFi
0x000000003bb49000 	/System/Library/Frameworks/CoreBluetooth.framework/Versions/A/CoreBluetooth
0x000000003bb49000 	/System/Library/Frameworks/CoreDisplay.framework/Versions/A/CoreDisplay
0x000000003bb49000 	/System/Library/PrivateFrameworks/IOPresentment.framework/Versions/A/IOPresentment
0x000000003bb49000 	/System/Library/PrivateFrameworks/DebugSymbols.framework/Versions/A/DebugSymbols
0x000000003bb49000 	/System/Library/PrivateFrameworks/CoreSymbolication.framework/Versions/A/CoreSymbolication
0x000000003bb49000 	/System/Library/PrivateFrameworks/Symbolication.framework/Versions/A/Symbolication
0x000000003bb49000 	/System/Library/PrivateFrameworks/AppleFSCompression.framework/Versions/A/AppleFSCompression
0x000000003bb49000 	/System/Library/PrivateFrameworks/SpeechRecognitionCore.framework/Versions/A/SpeechRecognitionCore
0x000000003bb49000 	/System/Library/PrivateFrameworks/ChunkingLibrary.framework/Versions/A/ChunkingLibrary
0x0000000104200000 	/Library/Java/JavaVirtualMachines/jdk1.8.0_91.jdk/Contents/Home/jre/lib/server/libjvm.dylib
0x0000000105194000 	/usr/lib/libstdc++.6.dylib
0x0000000103968000 	/Library/Java/JavaVirtualMachines/jdk1.8.0_91.jdk/Contents/Home/jre/lib/libverify.dylib
0x0000000103976000 	/Library/Java/JavaVirtualMachines/jdk1.8.0_91.jdk/Contents/Home/jre/lib/libjava.dylib
0x00000001039b5000 	/Library/Java/JavaVirtualMachines/jdk1.8.0_91.jdk/Contents/Home/jre/lib/libzip.dylib
0x000000010bb87000 	/System/Library/Frameworks/JavaVM.framework/Frameworks/JavaRuntimeSupport.framework/JavaRuntimeSupport
0x00000001039e7000 	/System/Library/Frameworks/JavaVM.framework/Versions/A/Frameworks/JavaNativeFoundation.framework/Versions/A/JavaNativeFoundation
0x000000010bba1000 	/System/Library/Frameworks/JavaVM.framework/Versions/A/JavaVM
0x000000003bb49000 	/System/Library/Frameworks/Carbon.framework/Versions/A/Carbon
0x000000010bbae000 	/System/Library/PrivateFrameworks/JavaLaunching.framework/Versions/A/JavaLaunching
0x000000003bb49000 	/System/Library/Frameworks/Carbon.framework/Versions/A/Frameworks/CommonPanels.framework/Versions/A/CommonPanels
0x000000003bb49000 	/System/Library/Frameworks/Carbon.framework/Versions/A/Frameworks/Help.framework/Versions/A/Help
0x000000003bb49000 	/System/Library/Frameworks/Carbon.framework/Versions/A/Frameworks/ImageCapture.framework/Versions/A/ImageCapture
0x000000003bb49000 	/System/Library/Frameworks/Carbon.framework/Versions/A/Frameworks/OpenScripting.framework/Versions/A/OpenScripting
0x000000003bb49000 	/System/Library/Frameworks/Carbon.framework/Versions/A/Frameworks/Print.framework/Versions/A/Print
0x000000003bb49000 	/System/Library/Frameworks/Carbon.framework/Versions/A/Frameworks/SecurityHI.framework/Versions/A/SecurityHI
0x000000010d54e000 	/Library/Java/JavaVirtualMachines/jdk1.8.0_91.jdk/Contents/Home/jre/lib/libprism_es2.dylib
0x000000011c79f000 	/System/Library/Frameworks/OpenGL.framework/Resources/GLEngine.bundle/GLEngine
0x000000011c983000 	/System/Library/Frameworks/OpenGL.framework/Versions/A/Libraries/libGLProgrammability.dylib
0x000000011cdb1000 	/System/Library/Extensions/AppleIntelBDWGraphicsGLDriver.bundle/Contents/MacOS/AppleIntelBDWGraphicsGLDriver
0x000000003bb49000 	/System/Library/PrivateFrameworks/GPUSupport.framework/Versions/A/Libraries/libGPUSupportMercury.dylib
0x000000010d5b7000 	/System/Library/Frameworks/OpenGL.framework/Resources//GLRendererFloat.bundle/GLRendererFloat
0x000000003bb49000 	/System/Library/Frameworks/OpenCL.framework/Versions/A/Libraries/libcldcpuengine.dylib
0x000000003bb49000 	/usr/lib/libcrypto.0.9.8.dylib
0x000000003bb49000 	/System/Library/PrivateFrameworks/TrustEvaluationAgent.framework/Versions/A/TrustEvaluationAgent
0x000000011d80d000 	/Library/Java/JavaVirtualMachines/jdk1.8.0_91.jdk/Contents/Home/jre/lib/libglass.dylib
0x000000003bb49000 	/System/Library/PrivateFrameworks/CoreServicesInternal.framework/Versions/A/CoreServicesInternal
0x000000003bb49000 	/System/Library/CoreServices/RawCamera.bundle/Contents/MacOS/RawCamera
0x000000011d88f000 	/System/Library/Frameworks/Accelerate.framework/Frameworks/vImage.framework/Versions/A/Libraries/libCGInterfaces.dylib
0x000000003bb49000 	/System/Library/PrivateFrameworks/FamilyControls.framework/Versions/A/FamilyControls
0x000000003bb49000 	/System/Library/PrivateFrameworks/CommerceKit.framework/Versions/A/Frameworks/CommerceCore.framework/Versions/A/CommerceCore
0x000000003bb49000 	/System/Library/PrivateFrameworks/SystemAdministration.framework/Versions/A/SystemAdministration
0x000000003bb49000 	/System/Library/PrivateFrameworks/AppContainer.framework/Versions/A/AppContainer
0x000000003bb49000 	/System/Library/PrivateFrameworks/SecCodeWrapper.framework/Versions/A/SecCodeWrapper
0x000000003bb49000 	/System/Library/Frameworks/DirectoryService.framework/Versions/A/DirectoryService
0x000000003bb49000 	/System/Library/PrivateFrameworks/DiskImages.framework/Versions/A/DiskImages
0x000000003bb49000 	/System/Library/PrivateFrameworks/LoginUIKit.framework/Versions/A/Frameworks/LoginUICore.framework/Versions/A/LoginUICore
0x000000003bb49000 	/usr/lib/libCoreStorage.dylib
0x000000003bb49000 	/usr/lib/libcsfde.dylib
0x000000003bb49000 	/usr/lib/libodfde.dylib
0x000000003bb49000 	/System/Library/Frameworks/DiscRecording.framework/Versions/A/DiscRecording
0x000000003bb49000 	/usr/lib/libcurl.4.dylib
0x000000003bb49000 	/System/Library/PrivateFrameworks/MediaKit.framework/Versions/A/MediaKit
0x000000003bb49000 	/System/Library/PrivateFrameworks/ProtectedCloudStorage.framework/Versions/A/ProtectedCloudStorage
0x000000003bb49000 	/System/Library/PrivateFrameworks/EFILogin.framework/Versions/A/EFILogin
0x000000003bb49000 	/usr/lib/libutil.dylib
0x000000003bb49000 	/System/Library/Frameworks/LDAP.framework/Versions/A/LDAP
0x000000003bb49000 	/usr/lib/libsasl2.2.dylib
0x000000003bb49000 	/System/Library/PrivateFrameworks/CoreDaemon.framework/Versions/B/CoreDaemon
0x000000003bb49000 	/System/Library/PrivateFrameworks/AppleSRP.framework/Versions/A/AppleSRP
0x000000003bb49000 	/System/Library/PrivateFrameworks/APFS.framework/Versions/A/APFS
0x0000000120a0b000 	/Library/Java/JavaVirtualMachines/jdk1.8.0_91.jdk/Contents/Home/jre/lib/libjavafx_font.dylib
0x000000011da02000 	/private/var/folders/l7/v8t_d89j6j50b7sc4x_08dk40000gn/T/sqlite-3.16.1-52b92530-263d-4a7a-8e7d-51a3125a5275-libsqlitejdbc.jnilib
0x0000000121811000 	/Library/Java/JavaVirtualMachines/jdk1.8.0_91.jdk/Contents/Home/jre/lib/libjavafx_iio.dylib
0x000000003bb49000 	/System/Library/Frameworks/ApplicationServices.framework/Versions/A/Frameworks/ATS.framework/Versions/A/Resources/libTrueTypeScaler.dylib
0x000000012483b000 	/System/Library/Extensions/AppleIntelBDWGraphicsMTLDriver.bundle/Contents/MacOS/AppleIntelBDWGraphicsMTLDriver
0x000000003bb49000 	/System/Library/PrivateFrameworks/ViewBridge.framework/Versions/A/ViewBridge
0x000000003bb49000 	/System/Library/PrivateFrameworks/XPCService.framework/Versions/A/XPCService
0x000000003bb49000 	/System/Library/PrivateFrameworks/AppSandbox.framework/Versions/A/AppSandbox
0x000000003bb49000 	/usr/lib/libsandbox.1.dylib
0x000000003bb49000 	/usr/lib/libMatch.1.dylib
0x0000000124ca3000 	/Library/Java/JavaVirtualMachines/jdk1.8.0_91.jdk/Contents/Home/jre/lib/libprism_common.dylib
0x0000000124970000 	/Library/Java/JavaVirtualMachines/jdk1.8.0_91.jdk/Contents/Home/jre/lib/libosx.dylib
0x000000012497e000 	/Library/Java/JavaVirtualMachines/jdk1.8.0_91.jdk/Contents/Home/jre/lib/./libosxapp.dylib
0x000000003bb49000 	/System/Library/Frameworks/ExceptionHandling.framework/Versions/A/ExceptionHandling
0x000000003bb49000 	/System/Library/PrivateFrameworks/FinderKit.framework/Versions/A/FinderKit
0x000000003bb49000 	/System/Library/Frameworks/Quartz.framework/Versions/A/Frameworks/QuickLookUI.framework/Versions/A/QuickLookUI
0x000000003bb49000 	/System/Library/Frameworks/Quartz.framework/Versions/A/Frameworks/ImageKit.framework/Versions/A/ImageKit
0x000000003bb49000 	/System/Library/PrivateFrameworks/Bom.framework/Versions/A/Bom
0x000000003bb49000 	/System/Library/Frameworks/QuickLook.framework/Versions/A/QuickLook
0x000000003bb49000 	/System/Library/PrivateFrameworks/Suggestions.framework/Versions/A/Suggestions
0x000000003bb49000 	/System/Library/PrivateFrameworks/AppleSystemInfo.framework/Versions/A/AppleSystemInfo
0x000000003bb49000 	/System/Library/Frameworks/ImageCaptureCore.framework/Versions/A/ImageCaptureCore
0x000000003bb49000 	/System/Library/Frameworks/SafariServices.framework/Versions/A/SafariServices
0x000000003bb49000 	/System/Library/Frameworks/QTKit.framework/Versions/A/QTKit
0x000000003bb49000 	/System/Library/PrivateFrameworks/MobileKeyBag.framework/Versions/A/MobileKeyBag
0x000000003bb49000 	/System/Library/Frameworks/AVFoundation.framework/Versions/A/AVFoundation
0x000000003bb49000 	/System/Library/Frameworks/CoreMedia.framework/Versions/A/CoreMedia
0x000000003bb49000 	/System/Library/Frameworks/MediaToolbox.framework/Versions/A/MediaToolbox
0x000000003bb49000 	/System/Library/Frameworks/VideoToolbox.framework/Versions/A/VideoToolbox
0x000000003bb49000 	/System/Library/PrivateFrameworks/CoreMediaAuthoring.framework/Versions/A/CoreMediaAuthoring
0x000000003bb49000 	/System/Library/Frameworks/CoreMediaIO.framework/Versions/A/CoreMediaIO
0x000000003bb49000 	/System/Library/Frameworks/AVFoundation.framework/Versions/A/Frameworks/AVFAudio.framework/Versions/A/AVFAudio
0x000000003bb49000 	/System/Library/PrivateFrameworks/IntlPreferences.framework/Versions/A/IntlPreferences
0x000000003bb49000 	/usr/lib/libspindump.dylib
0x000000003bb49000 	/usr/lib/libdscsym.dylib
0x000000003bb49000 	/System/Library/PrivateFrameworks/CoreAVCHD.framework/Versions/A/CoreAVCHD
0x000000003bb49000 	/System/Library/Frameworks/MediaAccessibility.framework/Versions/A/MediaAccessibility
0x000000003bb49000 	/System/Library/PrivateFrameworks/Mangrove.framework/Versions/A/Mangrove
0x000000003bb49000 	/System/Library/PrivateFrameworks/CoreAUC.framework/Versions/A/CoreAUC
0x000000003bb49000 	/System/Library/PrivateFrameworks/AppleVA.framework/Versions/A/AppleVA
0x000000003bb49000 	/System/Library/PrivateFrameworks/QuickLookThumbnailing.framework/Versions/A/QuickLookThumbnailing
0x000000003bb49000 	/System/Library/PrivateFrameworks/DisplayServices.framework/Versions/A/DisplayServices
0x000000003bb49000 	/System/Library/Frameworks/Quartz.framework/Versions/A/Frameworks/PDFKit.framework/Versions/A/PDFKit
0x000000003bb49000 	/System/Library/Frameworks/Quartz.framework/Versions/A/Frameworks/QuartzComposer.framework/Versions/A/QuartzComposer
0x000000003bb49000 	/System/Library/Frameworks/Quartz.framework/Versions/A/Frameworks/QuartzFilters.framework/Versions/A/QuartzFilters
0x000000003bb49000 	/System/Library/PrivateFrameworks/CorePDF.framework/Versions/A/CorePDF
0x000000003bb49000 	/System/Library/Frameworks/JavaScriptCore.framework/Versions/A/JavaScriptCore
0x000000003bb49000 	/System/Library/Frameworks/AddressBook.framework/Versions/A/AddressBook
0x000000003bb49000 	/System/Library/PrivateFrameworks/ContactsPersistence.framework/Versions/A/ContactsPersistence
0x000000003bb49000 	/System/Library/PrivateFrameworks/CalendarAgentLink.framework/Versions/A/CalendarAgentLink
0x000000003bb49000 	/System/Library/PrivateFrameworks/ContactsFoundation.framework/Versions/A/ContactsFoundation
0x000000003bb49000 	/System/Library/PrivateFrameworks/vCard.framework/Versions/A/vCard
0x000000003bb49000 	/System/Library/PrivateFrameworks/ToneLibrary.framework/Versions/A/ToneLibrary
0x000000003bb49000 	/System/Library/PrivateFrameworks/ToneKit.framework/Versions/A/ToneKit
0x000000003bb49000 	/System/Library/PrivateFrameworks/ApplePushService.framework/Versions/A/ApplePushService
0x000000003bb49000 	/System/Library/Frameworks/SecurityInterface.framework/Versions/A/SecurityInterface
0x000000003bb49000 	/System/Library/PrivateFrameworks/PhoneNumbers.framework/Versions/A/PhoneNumbers
0x000000003bb49000 	/System/Library/Frameworks/Quartz.framework/Versions/A/Quartz
0x000000003bb49000 	/System/Library/Frameworks/Accounts.framework/Versions/A/Accounts
0x000000003bb49000 	/System/Library/PrivateFrameworks/OAuth.framework/Versions/A/OAuth
0x000000003bb49000 	/System/Library/PrivateFrameworks/CacheDelete.framework/Versions/A/CacheDelete
0x000000003bb49000 	/System/Library/PrivateFrameworks/CloudDocs.framework/Versions/A/CloudDocs
0x000000003bb49000 	/System/Library/Frameworks/CloudKit.framework/Versions/A/CloudKit
0x000000003bb49000 	/System/Library/PrivateFrameworks/MMCS.framework/Versions/A/MMCS
0x000000003bb49000 	/System/Library/Frameworks/CoreLocation.framework/Versions/A/CoreLocation
0x000000003bb49000 	/System/Library/PrivateFrameworks/AssetCacheServices.framework/Versions/A/AssetCacheServices
0x000000003bb49000 	/System/Library/PrivateFrameworks/GeoServices.framework/Versions/A/GeoServices
0x000000003bb49000 	/System/Library/PrivateFrameworks/PlugInKit.framework/Versions/A/PlugInKit
0x000000003bb49000 	/System/Library/PrivateFrameworks/iLifeMediaBrowser.framework/Versions/A/iLifeMediaBrowser
0x000000003bb49000 	/System/Library/Frameworks/AVKit.framework/Versions/A/AVKit
0x000000003bb49000 	/System/Library/PrivateFrameworks/MediaRemote.framework/Versions/A/MediaRemote
0x000000003bb49000 	/System/Library/PrivateFrameworks/MediaServices.framework/Versions/A/MediaServices
0x0000000126d01000 	/System/Library/Frameworks/Security.framework/PlugIns/csparser.bundle/Contents/MacOS/csparser
0x000000013360f000 	/System/Library/Frameworks/Quartz.framework/Versions/A/Frameworks/QuickLookUI.framework/Versions/A/PlugIns/Generic.qldisplay/Contents/MacOS/Generic
0x000000003bb49000 	/System/Library/PrivateFrameworks/ShareKit.framework/Versions/A/ShareKit
0x000000003bb49000 	/System/Library/Frameworks/Social.framework/Versions/A/Social
0x000000003bb49000 	/System/Library/PrivateFrameworks/AccountsUI.framework/Versions/A/AccountsUI
0x000000003bb49000 	/System/Library/PrivateFrameworks/AccountsDaemon.framework/Versions/A/AccountsDaemon
0x000000003bb49000 	/System/Library/Frameworks/WebKit.framework/Versions/A/WebKit
0x000000003bb49000 	/System/Library/Frameworks/WebKit.framework/Versions/A/Frameworks/WebKitLegacy.framework/Versions/A/WebKitLegacy
0x000000003bb49000 	/System/Library/Frameworks/WebKit.framework/Versions/A/Frameworks/WebCore.framework/Versions/A/WebCore
0x000000003bb49000 	/System/Library/PrivateFrameworks/UserActivity.framework/Versions/A/UserActivity
0x000000003bb49000 	/System/Library/PrivateFrameworks/Shortcut.framework/Versions/A/Shortcut
0x000000003bb49000 	/System/Library/PrivateFrameworks/HelpData.framework/Versions/A/HelpData
0x000000012a89a000 	/Library/Java/JavaVirtualMachines/jdk1.8.0_91.jdk/Contents/Home/jre/lib/libawt.dylib
0x0000000135490000 	/Library/Java/JavaVirtualMachines/jdk1.8.0_91.jdk/Contents/Home/jre/lib/./libmlib_image.dylib
0x0000000135b4e000 	/Library/Java/JavaVirtualMachines/jdk1.8.0_91.jdk/Contents/Home/jre/lib/libawt_lwawt.dylib

VM Arguments:
jvm_args: -Dfile.encoding=UTF-8 
java_command: view.LoginStage
java_class_path (initial): /Users/niuniumei/Documents/Java/MyAlbum/bin:/Users/niuniumei/Downloads/googleDownloads/controlsfx-8.40.12 (1)/controlsfx-8.40.12.jar:/Users/niuniumei/Downloads/jars/sqlite-jdbc-3.16.1.jar:/Users/niuniumei/Downloads/jars/kd.jar:/Users/niuniumei/Downloads/commons-math3-3.6.1/commons-math3-3.6.1.jar:/Users/niuniumei/Downloads/jars/apache-log4j-1.2.17 2/log4j-1.2.17.jar
Launcher Type: SUN_STANDARD

Environment Variables:
PATH=/usr/bin:/bin:/usr/sbin:/sbin
SHELL=/bin/bash

Signal Handlers:
SIGSEGV: [libjvm.dylib+0x5a97a1], sa_mask[0]=11111111011111110111111111111111, sa_flags=SA_ONSTACK|SA_RESTART|SA_SIGINFO
SIGBUS: [libjvm.dylib+0x5a97a1], sa_mask[0]=11111111011111110111111111111111, sa_flags=SA_RESTART|SA_SIGINFO
SIGFPE: [libjvm.dylib+0x482594], sa_mask[0]=11111111011111110111111111111111, sa_flags=SA_RESTART|SA_SIGINFO
SIGPIPE: [libjvm.dylib+0x482594], sa_mask[0]=11111111011111110111111111111111, sa_flags=SA_RESTART|SA_SIGINFO
SIGXFSZ: [libjvm.dylib+0x482594], sa_mask[0]=11111111011111110111111111111111, sa_flags=SA_RESTART|SA_SIGINFO
SIGILL: [libjvm.dylib+0x482594], sa_mask[0]=11111111011111110111111111111111, sa_flags=SA_RESTART|SA_SIGINFO
SIGUSR1: SIG_DFL, sa_mask[0]=00000000000000000000000000000000, sa_flags=none
SIGUSR2: [libjvm.dylib+0x4820b2], sa_mask[0]=00100000000000000000000000000000, sa_flags=SA_RESTART|SA_SIGINFO
SIGHUP: [libjvm.dylib+0x480689], sa_mask[0]=11111111011111110111111111111111, sa_flags=SA_RESTART|SA_SIGINFO
SIGINT: [libjvm.dylib+0x480689], sa_mask[0]=11111111011111110111111111111111, sa_flags=SA_RESTART|SA_SIGINFO
SIGTERM: [libjvm.dylib+0x480689], sa_mask[0]=11111111011111110111111111111111, sa_flags=SA_RESTART|SA_SIGINFO
SIGQUIT: [libjvm.dylib+0x480689], sa_mask[0]=11111111011111110111111111111111, sa_flags=SA_RESTART|SA_SIGINFO


---------------  S Y S T E M  ---------------

OS:Bsduname:Darwin 16.4.0 Darwin Kernel Version 16.4.0: Thu Dec 22 22:53:21 PST 2016; root:xnu-3789.41.3~3/RELEASE_X86_64 x86_64
rlimit: STACK 8192k, CORE 0k, NPROC 709, NOFILE 10240, AS infinity
load average:11.81 8.32 5.31

CPU:total 4 (2 cores per cpu, 2 threads per core) family 6 model 61 stepping 4, cmov, cx8, fxsr, mmx, sse, sse2, sse3, ssse3, sse4.1, sse4.2, popcnt, avx, avx2, aes, clmul, erms, 3dnowpref, lzcnt, ht, tsc, tscinvbit, bmi1, bmi2, adx

Memory: 4k page, physical 8388608k(22184k free)

/proc/meminfo:


vm_info: Java HotSpot(TM) 64-Bit Server VM (25.91-b14) for bsd-amd64 JRE (1.8.0_91-b14), built on Apr  1 2016 01:03:00 by "java_re" with gcc 4.2.1 (Based on Apple Inc. build 5658) (LLVM build 2336.11.00)

time: Thu Apr  6 23:31:24 2017
elapsed time: 369 seconds (0d 0h 6m 9s)

